0 info it worked if it ends with ok
1 verbose cli [ '/usr/local/bin/node',
1 verbose cli   '/usr/local/bin/npm',
1 verbose cli   'install',
1 verbose cli   '-g',
1 verbose cli   'grunt-cli' ]
2 info using npm@3.3.12
3 info using node@v5.5.0
4 silly loadCurrentTree Starting
5 silly install loadCurrentTree
6 silly install readGlobalPackageData
7 silly fetchPackageMetaData grunt-cli
8 silly fetchNamedPackageData grunt-cli
9 silly mapToRegistry name grunt-cli
10 silly mapToRegistry using default registry
11 silly mapToRegistry registry https://registry.npmjs.org/
12 silly mapToRegistry uri https://registry.npmjs.org/grunt-cli
13 verbose request uri https://registry.npmjs.org/grunt-cli
14 verbose request no auth needed
15 info attempt registry request try #1 at 4:59:39 PM
16 verbose request id b5690495e3ce9568
17 verbose etag "7Q15TK4Y4L679HL7KVOXTMOZX"
18 http request GET https://registry.npmjs.org/grunt-cli
19 http 200 https://registry.npmjs.org/grunt-cli
20 verbose headers { server: 'CouchDB/1.5.0 (Erlang OTP/R16B03)',
20 verbose headers   etag: '"DQJEW7NR3UF7XDW33WSL5OD6F"',
20 verbose headers   'content-type': 'application/json',
20 verbose headers   'content-encoding': 'gzip',
20 verbose headers   'cache-control': 'max-age=300',
20 verbose headers   'content-length': '5871',
20 verbose headers   'accept-ranges': 'bytes',
20 verbose headers   date: 'Mon, 25 Apr 2016 23:59:40 GMT',
20 verbose headers   via: '1.1 varnish',
20 verbose headers   age: '48',
20 verbose headers   connection: 'keep-alive',
20 verbose headers   'x-served-by': 'cache-lax1427-LAX',
20 verbose headers   'x-cache': 'HIT',
20 verbose headers   'x-cache-hits': '2',
20 verbose headers   'x-timer': 'S1461628780.240419,VS0,VE0',
20 verbose headers   vary: 'Accept-Encoding' }
21 silly get cb [ 200,
21 silly get   { server: 'CouchDB/1.5.0 (Erlang OTP/R16B03)',
21 silly get     etag: '"DQJEW7NR3UF7XDW33WSL5OD6F"',
21 silly get     'content-type': 'application/json',
21 silly get     'content-encoding': 'gzip',
21 silly get     'cache-control': 'max-age=300',
21 silly get     'content-length': '5871',
21 silly get     'accept-ranges': 'bytes',
21 silly get     date: 'Mon, 25 Apr 2016 23:59:40 GMT',
21 silly get     via: '1.1 varnish',
21 silly get     age: '48',
21 silly get     connection: 'keep-alive',
21 silly get     'x-served-by': 'cache-lax1427-LAX',
21 silly get     'x-cache': 'HIT',
21 silly get     'x-cache-hits': '2',
21 silly get     'x-timer': 'S1461628780.240419,VS0,VE0',
21 silly get     vary: 'Accept-Encoding' } ]
22 verbose get saving grunt-cli to /Users/TejRajendran/.npm/registry.npmjs.org/grunt-cli/.cache.json
23 silly install normalizeTree
24 silly loadCurrentTree Finishing
25 silly loadIdealTree Starting
26 silly install loadIdealTree
27 silly cloneCurrentTree Starting
28 silly install cloneCurrentTreeToIdealTree
29 silly cloneCurrentTree Finishing
30 silly loadShrinkwrap Starting
31 silly install loadShrinkwrap
32 silly loadShrinkwrap Finishing
33 silly loadAllDepsIntoIdealTree Starting
34 silly install loadAllDepsIntoIdealTree
35 silly resolveWithNewModule grunt-cli@1.2.0 checking installable status
36 silly cache add args [ 'grunt-cli', null ]
37 verbose cache add spec grunt-cli
38 silly cache add parsed spec Result {
38 silly cache add   raw: 'grunt-cli',
38 silly cache add   scope: null,
38 silly cache add   name: 'grunt-cli',
38 silly cache add   rawSpec: '',
38 silly cache add   spec: '*',
38 silly cache add   type: 'range' }
39 silly addNamed grunt-cli@*
40 verbose addNamed "*" is a valid semver range for grunt-cli
41 silly addNameRange { name: 'grunt-cli', range: '*', hasData: false }
42 silly mapToRegistry name grunt-cli
43 silly mapToRegistry using default registry
44 silly mapToRegistry registry https://registry.npmjs.org/
45 silly mapToRegistry uri https://registry.npmjs.org/grunt-cli
46 verbose addNameRange registry:https://registry.npmjs.org/grunt-cli not in flight; fetching
47 verbose get https://registry.npmjs.org/grunt-cli not expired, no request
48 silly addNameRange number 2 { name: 'grunt-cli', range: '*', hasData: true }
49 silly addNameRange versions [ 'grunt-cli',
49 silly addNameRange   [ '0.1.0',
49 silly addNameRange     '0.1.1',
49 silly addNameRange     '0.1.2',
49 silly addNameRange     '0.1.3',
49 silly addNameRange     '0.1.4',
49 silly addNameRange     '0.1.5',
49 silly addNameRange     '0.1.6',
49 silly addNameRange     '0.1.7',
49 silly addNameRange     '0.1.8',
49 silly addNameRange     '0.1.9',
49 silly addNameRange     '0.1.10',
49 silly addNameRange     '0.1.11',
49 silly addNameRange     '0.1.12',
49 silly addNameRange     '0.1.13',
49 silly addNameRange     '1.0.0-rc1',
49 silly addNameRange     '1.0.0',
49 silly addNameRange     '1.0.1',
49 silly addNameRange     '1.1.0',
49 silly addNameRange     '1.2.0' ] ]
50 silly addNamed grunt-cli@1.2.0
51 verbose addNamed "1.2.0" is a plain semver version for grunt-cli
52 silly mapToRegistry name grunt-cli
53 silly mapToRegistry using default registry
54 silly mapToRegistry registry https://registry.npmjs.org/
55 silly mapToRegistry uri https://registry.npmjs.org/grunt-cli
56 verbose addRemoteTarball https://registry.npmjs.org/grunt-cli/-/grunt-cli-1.2.0.tgz not in flight; adding
57 verbose addRemoteTarball [ 'https://registry.npmjs.org/grunt-cli/-/grunt-cli-1.2.0.tgz',
57 verbose addRemoteTarball   '562b119ebb069ddb464ace2845501be97b35b6a8' ]
58 info retry fetch attempt 1 at 4:59:40 PM
59 info attempt registry request try #1 at 4:59:40 PM
60 http fetch GET https://registry.npmjs.org/grunt-cli/-/grunt-cli-1.2.0.tgz
61 http fetch 200 https://registry.npmjs.org/grunt-cli/-/grunt-cli-1.2.0.tgz
62 silly fetchAndShaCheck shasum 562b119ebb069ddb464ace2845501be97b35b6a8
63 verbose addTmpTarball /var/folders/n4/2f4bs3x56lvd377bc5x5kn7m0000gn/T/npm-58512-393125d6/registry.npmjs.org/grunt-cli/-/grunt-cli-1.2.0.tgz not in flight; adding
64 verbose addTmpTarball already have metadata; skipping unpack for grunt-cli@1.2.0
65 silly cache afterAdd grunt-cli@1.2.0
66 verbose afterAdd /Users/TejRajendran/.npm/grunt-cli/1.2.0/package/package.json not in flight; writing
67 verbose afterAdd /Users/TejRajendran/.npm/grunt-cli/1.2.0/package/package.json written
68 silly fetchNamedPackageData findup-sync
69 silly mapToRegistry name findup-sync
70 silly mapToRegistry using default registry
71 silly mapToRegistry registry https://registry.npmjs.org/
72 silly mapToRegistry uri https://registry.npmjs.org/findup-sync
73 silly fetchNamedPackageData grunt-known-options
74 silly mapToRegistry name grunt-known-options
75 silly mapToRegistry using default registry
76 silly mapToRegistry registry https://registry.npmjs.org/
77 silly mapToRegistry uri https://registry.npmjs.org/grunt-known-options
78 silly fetchNamedPackageData nopt
79 silly mapToRegistry name nopt
80 silly mapToRegistry using default registry
81 silly mapToRegistry registry https://registry.npmjs.org/
82 silly mapToRegistry uri https://registry.npmjs.org/nopt
83 silly fetchNamedPackageData resolve
84 silly mapToRegistry name resolve
85 silly mapToRegistry using default registry
86 silly mapToRegistry registry https://registry.npmjs.org/
87 silly mapToRegistry uri https://registry.npmjs.org/resolve
88 verbose request uri https://registry.npmjs.org/grunt-known-options
89 verbose request no auth needed
90 info attempt registry request try #1 at 4:59:41 PM
91 http request GET https://registry.npmjs.org/grunt-known-options
92 verbose request uri https://registry.npmjs.org/findup-sync
93 verbose request no auth needed
94 info attempt registry request try #1 at 4:59:41 PM
95 verbose etag "4S5CBZ0YUI1W851IGI9SZSK2N"
96 http request GET https://registry.npmjs.org/findup-sync
97 verbose request uri https://registry.npmjs.org/nopt
98 verbose request no auth needed
99 info attempt registry request try #1 at 4:59:41 PM
100 verbose etag "53NWQ6XY2NLAFB30G2E3W8W60"
101 http request GET https://registry.npmjs.org/nopt
102 verbose request uri https://registry.npmjs.org/resolve
103 verbose request no auth needed
104 info attempt registry request try #1 at 4:59:41 PM
105 verbose etag "E5LYAO9ANDLZYP3M2AL72NV6M"
106 http request GET https://registry.npmjs.org/resolve
107 http 304 https://registry.npmjs.org/findup-sync
108 verbose headers { date: 'Mon, 25 Apr 2016 23:59:41 GMT',
108 verbose headers   via: '1.1 varnish',
108 verbose headers   'cache-control': 'max-age=300',
108 verbose headers   etag: '"4S5CBZ0YUI1W851IGI9SZSK2N"',
108 verbose headers   age: '187',
108 verbose headers   connection: 'keep-alive',
108 verbose headers   'x-served-by': 'cache-lax1434-LAX',
108 verbose headers   'x-cache': 'HIT',
108 verbose headers   'x-cache-hits': '11',
108 verbose headers   'x-timer': 'S1461628781.085691,VS0,VE0',
108 verbose headers   vary: 'Accept-Encoding' }
109 silly get cb [ 304,
109 silly get   { date: 'Mon, 25 Apr 2016 23:59:41 GMT',
109 silly get     via: '1.1 varnish',
109 silly get     'cache-control': 'max-age=300',
109 silly get     etag: '"4S5CBZ0YUI1W851IGI9SZSK2N"',
109 silly get     age: '187',
109 silly get     connection: 'keep-alive',
109 silly get     'x-served-by': 'cache-lax1434-LAX',
109 silly get     'x-cache': 'HIT',
109 silly get     'x-cache-hits': '11',
109 silly get     'x-timer': 'S1461628781.085691,VS0,VE0',
109 silly get     vary: 'Accept-Encoding' } ]
110 verbose etag https://registry.npmjs.org/findup-sync from cache
111 verbose get saving findup-sync to /Users/TejRajendran/.npm/registry.npmjs.org/findup-sync/.cache.json
112 http 304 https://registry.npmjs.org/nopt
113 verbose headers { date: 'Mon, 25 Apr 2016 23:59:41 GMT',
113 verbose headers   via: '1.1 varnish',
113 verbose headers   'cache-control': 'max-age=300',
113 verbose headers   etag: '"53NWQ6XY2NLAFB30G2E3W8W60"',
113 verbose headers   age: '40',
113 verbose headers   connection: 'keep-alive',
113 verbose headers   'x-served-by': 'cache-lax1435-LAX',
113 verbose headers   'x-cache': 'HIT',
113 verbose headers   'x-cache-hits': '20',
113 verbose headers   'x-timer': 'S1461628781.085872,VS0,VE0',
113 verbose headers   vary: 'Accept-Encoding' }
114 silly get cb [ 304,
114 silly get   { date: 'Mon, 25 Apr 2016 23:59:41 GMT',
114 silly get     via: '1.1 varnish',
114 silly get     'cache-control': 'max-age=300',
114 silly get     etag: '"53NWQ6XY2NLAFB30G2E3W8W60"',
114 silly get     age: '40',
114 silly get     connection: 'keep-alive',
114 silly get     'x-served-by': 'cache-lax1435-LAX',
114 silly get     'x-cache': 'HIT',
114 silly get     'x-cache-hits': '20',
114 silly get     'x-timer': 'S1461628781.085872,VS0,VE0',
114 silly get     vary: 'Accept-Encoding' } ]
115 verbose etag https://registry.npmjs.org/nopt from cache
116 verbose get saving nopt to /Users/TejRajendran/.npm/registry.npmjs.org/nopt/.cache.json
117 silly resolveWithNewModule findup-sync@0.3.0 checking installable status
118 silly cache add args [ 'findup-sync@~0.3.0', null ]
119 verbose cache add spec findup-sync@~0.3.0
120 silly cache add parsed spec Result {
120 silly cache add   raw: 'findup-sync@~0.3.0',
120 silly cache add   scope: null,
120 silly cache add   name: 'findup-sync',
120 silly cache add   rawSpec: '~0.3.0',
120 silly cache add   spec: '>=0.3.0 <0.4.0',
120 silly cache add   type: 'range' }
121 silly addNamed findup-sync@>=0.3.0 <0.4.0
122 verbose addNamed ">=0.3.0 <0.4.0" is a valid semver range for findup-sync
123 silly addNameRange { name: 'findup-sync', range: '>=0.3.0 <0.4.0', hasData: false }
124 silly mapToRegistry name findup-sync
125 silly mapToRegistry using default registry
126 silly mapToRegistry registry https://registry.npmjs.org/
127 silly mapToRegistry uri https://registry.npmjs.org/findup-sync
128 verbose addNameRange registry:https://registry.npmjs.org/findup-sync not in flight; fetching
129 silly resolveWithNewModule nopt@3.0.6 checking installable status
130 silly cache add args [ 'nopt@~3.0.6', null ]
131 verbose cache add spec nopt@~3.0.6
132 silly cache add parsed spec Result {
132 silly cache add   raw: 'nopt@~3.0.6',
132 silly cache add   scope: null,
132 silly cache add   name: 'nopt',
132 silly cache add   rawSpec: '~3.0.6',
132 silly cache add   spec: '>=3.0.6 <3.1.0',
132 silly cache add   type: 'range' }
133 silly addNamed nopt@>=3.0.6 <3.1.0
134 verbose addNamed ">=3.0.6 <3.1.0" is a valid semver range for nopt
135 silly addNameRange { name: 'nopt', range: '>=3.0.6 <3.1.0', hasData: false }
136 silly mapToRegistry name nopt
137 silly mapToRegistry using default registry
138 silly mapToRegistry registry https://registry.npmjs.org/
139 silly mapToRegistry uri https://registry.npmjs.org/nopt
140 verbose addNameRange registry:https://registry.npmjs.org/nopt not in flight; fetching
141 verbose get https://registry.npmjs.org/findup-sync not expired, no request
142 silly addNameRange number 2 { name: 'findup-sync', range: '>=0.3.0 <0.4.0', hasData: true }
143 silly addNameRange versions [ 'findup-sync',
143 silly addNameRange   [ '0.1.0',
143 silly addNameRange     '0.1.1',
143 silly addNameRange     '0.1.2',
143 silly addNameRange     '0.1.3',
143 silly addNameRange     '0.2.0',
143 silly addNameRange     '0.2.1',
143 silly addNameRange     '0.3.0',
143 silly addNameRange     '0.4.0' ] ]
144 silly addNamed findup-sync@0.3.0
145 verbose addNamed "0.3.0" is a plain semver version for findup-sync
146 verbose get https://registry.npmjs.org/nopt not expired, no request
147 silly addNameRange number 2 { name: 'nopt', range: '>=3.0.6 <3.1.0', hasData: true }
148 silly addNameRange versions [ 'nopt',
148 silly addNameRange   [ '1.0.0',
148 silly addNameRange     '1.0.1',
148 silly addNameRange     '1.0.2',
148 silly addNameRange     '1.0.3',
148 silly addNameRange     '1.0.4',
148 silly addNameRange     '1.0.5',
148 silly addNameRange     '1.0.6',
148 silly addNameRange     '1.0.7',
148 silly addNameRange     '1.0.8',
148 silly addNameRange     '1.0.9',
148 silly addNameRange     '1.0.10',
148 silly addNameRange     '2.0.0',
148 silly addNameRange     '2.1.0',
148 silly addNameRange     '2.1.1',
148 silly addNameRange     '2.1.2',
148 silly addNameRange     '2.2.0',
148 silly addNameRange     '2.2.1',
148 silly addNameRange     '3.0.0',
148 silly addNameRange     '3.0.1',
148 silly addNameRange     '3.0.2',
148 silly addNameRange     '3.0.3',
148 silly addNameRange     '3.0.4',
148 silly addNameRange     '3.0.5',
148 silly addNameRange     '3.0.6' ] ]
149 silly addNamed nopt@3.0.6
150 verbose addNamed "3.0.6" is a plain semver version for nopt
151 silly mapToRegistry name findup-sync
152 silly mapToRegistry using default registry
153 silly mapToRegistry registry https://registry.npmjs.org/
154 silly mapToRegistry uri https://registry.npmjs.org/findup-sync
155 verbose addRemoteTarball https://registry.npmjs.org/findup-sync/-/findup-sync-0.3.0.tgz not in flight; adding
156 verbose addRemoteTarball [ 'https://registry.npmjs.org/findup-sync/-/findup-sync-0.3.0.tgz',
156 verbose addRemoteTarball   '37930aa5d816b777c03445e1966cc6790a4c0b16' ]
157 silly mapToRegistry name nopt
158 silly mapToRegistry using default registry
159 silly mapToRegistry registry https://registry.npmjs.org/
160 silly mapToRegistry uri https://registry.npmjs.org/nopt
161 verbose addRemoteTarball https://registry.npmjs.org/nopt/-/nopt-3.0.6.tgz not in flight; adding
162 verbose addRemoteTarball [ 'https://registry.npmjs.org/nopt/-/nopt-3.0.6.tgz',
162 verbose addRemoteTarball   'c6465dbf08abcd4db359317f79ac68a646b28ff9' ]
163 info retry fetch attempt 1 at 4:59:41 PM
164 info attempt registry request try #1 at 4:59:41 PM
165 http fetch GET https://registry.npmjs.org/findup-sync/-/findup-sync-0.3.0.tgz
166 info retry fetch attempt 1 at 4:59:41 PM
167 info attempt registry request try #1 at 4:59:41 PM
168 http fetch GET https://registry.npmjs.org/nopt/-/nopt-3.0.6.tgz
169 http 200 https://registry.npmjs.org/grunt-known-options
170 verbose headers { server: 'CouchDB/1.5.0 (Erlang OTP/R16B03)',
170 verbose headers   etag: '"7QSNI1GHSQUPUZPXA2OGSKIJS"',
170 verbose headers   'content-type': 'application/json',
170 verbose headers   'cache-control': 'max-age=300',
170 verbose headers   'content-length': '3532',
170 verbose headers   'accept-ranges': 'bytes',
170 verbose headers   date: 'Mon, 25 Apr 2016 23:59:41 GMT',
170 verbose headers   via: '1.1 varnish',
170 verbose headers   age: '80',
170 verbose headers   connection: 'keep-alive',
170 verbose headers   'x-served-by': 'cache-lax1420-LAX',
170 verbose headers   'x-cache': 'HIT',
170 verbose headers   'x-cache-hits': '1',
170 verbose headers   'x-timer': 'S1461628781.086047,VS0,VE0',
170 verbose headers   vary: 'Accept-Encoding' }
171 silly get cb [ 200,
171 silly get   { server: 'CouchDB/1.5.0 (Erlang OTP/R16B03)',
171 silly get     etag: '"7QSNI1GHSQUPUZPXA2OGSKIJS"',
171 silly get     'content-type': 'application/json',
171 silly get     'cache-control': 'max-age=300',
171 silly get     'content-length': '3532',
171 silly get     'accept-ranges': 'bytes',
171 silly get     date: 'Mon, 25 Apr 2016 23:59:41 GMT',
171 silly get     via: '1.1 varnish',
171 silly get     age: '80',
171 silly get     connection: 'keep-alive',
171 silly get     'x-served-by': 'cache-lax1420-LAX',
171 silly get     'x-cache': 'HIT',
171 silly get     'x-cache-hits': '1',
171 silly get     'x-timer': 'S1461628781.086047,VS0,VE0',
171 silly get     vary: 'Accept-Encoding' } ]
172 verbose get saving grunt-known-options to /Users/TejRajendran/.npm/registry.npmjs.org/grunt-known-options/.cache.json
173 http fetch 200 https://registry.npmjs.org/findup-sync/-/findup-sync-0.3.0.tgz
174 http fetch 200 https://registry.npmjs.org/nopt/-/nopt-3.0.6.tgz
175 silly fetchAndShaCheck shasum 37930aa5d816b777c03445e1966cc6790a4c0b16
176 silly fetchAndShaCheck shasum c6465dbf08abcd4db359317f79ac68a646b28ff9
177 verbose addTmpTarball /var/folders/n4/2f4bs3x56lvd377bc5x5kn7m0000gn/T/npm-58512-393125d6/registry.npmjs.org/findup-sync/-/findup-sync-0.3.0.tgz not in flight; adding
178 verbose addTmpTarball already have metadata; skipping unpack for findup-sync@0.3.0
179 verbose addTmpTarball /var/folders/n4/2f4bs3x56lvd377bc5x5kn7m0000gn/T/npm-58512-393125d6/registry.npmjs.org/nopt/-/nopt-3.0.6.tgz not in flight; adding
180 verbose addTmpTarball already have metadata; skipping unpack for nopt@3.0.6
181 silly resolveWithNewModule grunt-known-options@1.1.0 checking installable status
182 silly cache add args [ 'grunt-known-options@~1.1.0', null ]
183 verbose cache add spec grunt-known-options@~1.1.0
184 silly cache add parsed spec Result {
184 silly cache add   raw: 'grunt-known-options@~1.1.0',
184 silly cache add   scope: null,
184 silly cache add   name: 'grunt-known-options',
184 silly cache add   rawSpec: '~1.1.0',
184 silly cache add   spec: '>=1.1.0 <1.2.0',
184 silly cache add   type: 'range' }
185 silly addNamed grunt-known-options@>=1.1.0 <1.2.0
186 verbose addNamed ">=1.1.0 <1.2.0" is a valid semver range for grunt-known-options
187 silly addNameRange { name: 'grunt-known-options',
187 silly addNameRange   range: '>=1.1.0 <1.2.0',
187 silly addNameRange   hasData: false }
188 silly mapToRegistry name grunt-known-options
189 silly mapToRegistry using default registry
190 silly mapToRegistry registry https://registry.npmjs.org/
191 silly mapToRegistry uri https://registry.npmjs.org/grunt-known-options
192 verbose addNameRange registry:https://registry.npmjs.org/grunt-known-options not in flight; fetching
193 verbose get https://registry.npmjs.org/grunt-known-options not expired, no request
194 silly addNameRange number 2 { name: 'grunt-known-options',
194 silly addNameRange   range: '>=1.1.0 <1.2.0',
194 silly addNameRange   hasData: true }
195 silly addNameRange versions [ 'grunt-known-options', [ '1.0.0', '1.1.0' ] ]
196 silly addNamed grunt-known-options@1.1.0
197 verbose addNamed "1.1.0" is a plain semver version for grunt-known-options
198 silly mapToRegistry name grunt-known-options
199 silly mapToRegistry using default registry
200 silly mapToRegistry registry https://registry.npmjs.org/
201 silly mapToRegistry uri https://registry.npmjs.org/grunt-known-options
202 verbose addRemoteTarball https://registry.npmjs.org/grunt-known-options/-/grunt-known-options-1.1.0.tgz not in flight; adding
203 verbose addRemoteTarball [ 'https://registry.npmjs.org/grunt-known-options/-/grunt-known-options-1.1.0.tgz',
203 verbose addRemoteTarball   'a4274eeb32fa765da5a7a3b1712617ce3b144149' ]
204 info retry fetch attempt 1 at 4:59:41 PM
205 info attempt registry request try #1 at 4:59:41 PM
206 http fetch GET https://registry.npmjs.org/grunt-known-options/-/grunt-known-options-1.1.0.tgz
207 silly cache afterAdd findup-sync@0.3.0
208 verbose afterAdd /Users/TejRajendran/.npm/findup-sync/0.3.0/package/package.json not in flight; writing
209 silly cache afterAdd nopt@3.0.6
210 verbose afterAdd /Users/TejRajendran/.npm/nopt/3.0.6/package/package.json not in flight; writing
211 verbose afterAdd /Users/TejRajendran/.npm/findup-sync/0.3.0/package/package.json written
212 verbose afterAdd /Users/TejRajendran/.npm/nopt/3.0.6/package/package.json written
213 http 200 https://registry.npmjs.org/resolve
214 verbose headers { server: 'CouchDB/1.5.0 (Erlang OTP/R16B03)',
214 verbose headers   etag: '"8UWA65VWT4WG4HM2T7PEL8ASO"',
214 verbose headers   'content-type': 'application/json',
214 verbose headers   'cache-control': 'max-age=300',
214 verbose headers   'content-length': '44372',
214 verbose headers   'accept-ranges': 'bytes',
214 verbose headers   date: 'Mon, 25 Apr 2016 23:59:41 GMT',
214 verbose headers   via: '1.1 varnish',
214 verbose headers   age: '170',
214 verbose headers   connection: 'keep-alive',
214 verbose headers   'x-served-by': 'cache-lax1425-LAX',
214 verbose headers   'x-cache': 'HIT',
214 verbose headers   'x-cache-hits': '18',
214 verbose headers   'x-timer': 'S1461628781.086683,VS0,VE0',
214 verbose headers   vary: 'Accept-Encoding' }
215 silly get cb [ 200,
215 silly get   { server: 'CouchDB/1.5.0 (Erlang OTP/R16B03)',
215 silly get     etag: '"8UWA65VWT4WG4HM2T7PEL8ASO"',
215 silly get     'content-type': 'application/json',
215 silly get     'cache-control': 'max-age=300',
215 silly get     'content-length': '44372',
215 silly get     'accept-ranges': 'bytes',
215 silly get     date: 'Mon, 25 Apr 2016 23:59:41 GMT',
215 silly get     via: '1.1 varnish',
215 silly get     age: '170',
215 silly get     connection: 'keep-alive',
215 silly get     'x-served-by': 'cache-lax1425-LAX',
215 silly get     'x-cache': 'HIT',
215 silly get     'x-cache-hits': '18',
215 silly get     'x-timer': 'S1461628781.086683,VS0,VE0',
215 silly get     vary: 'Accept-Encoding' } ]
216 verbose get saving resolve to /Users/TejRajendran/.npm/registry.npmjs.org/resolve/.cache.json
217 silly resolveWithNewModule resolve@1.1.7 checking installable status
218 silly cache add args [ 'resolve@~1.1.0', null ]
219 verbose cache add spec resolve@~1.1.0
220 silly cache add parsed spec Result {
220 silly cache add   raw: 'resolve@~1.1.0',
220 silly cache add   scope: null,
220 silly cache add   name: 'resolve',
220 silly cache add   rawSpec: '~1.1.0',
220 silly cache add   spec: '>=1.1.0 <1.2.0',
220 silly cache add   type: 'range' }
221 silly addNamed resolve@>=1.1.0 <1.2.0
222 verbose addNamed ">=1.1.0 <1.2.0" is a valid semver range for resolve
223 silly addNameRange { name: 'resolve', range: '>=1.1.0 <1.2.0', hasData: false }
224 silly mapToRegistry name resolve
225 silly mapToRegistry using default registry
226 silly mapToRegistry registry https://registry.npmjs.org/
227 silly mapToRegistry uri https://registry.npmjs.org/resolve
228 verbose addNameRange registry:https://registry.npmjs.org/resolve not in flight; fetching
229 verbose get https://registry.npmjs.org/resolve not expired, no request
230 silly addNameRange number 2 { name: 'resolve', range: '>=1.1.0 <1.2.0', hasData: true }
231 silly addNameRange versions [ 'resolve',
231 silly addNameRange   [ '0.0.0',
231 silly addNameRange     '0.0.1',
231 silly addNameRange     '0.0.2',
231 silly addNameRange     '0.0.3',
231 silly addNameRange     '0.0.4',
231 silly addNameRange     '0.1.0',
231 silly addNameRange     '0.1.2',
231 silly addNameRange     '0.1.3',
231 silly addNameRange     '0.2.0',
231 silly addNameRange     '0.2.1',
231 silly addNameRange     '0.2.2',
231 silly addNameRange     '0.2.3',
231 silly addNameRange     '0.2.4',
231 silly addNameRange     '0.2.5',
231 silly addNameRange     '0.2.6',
231 silly addNameRange     '0.2.7',
231 silly addNameRange     '0.2.8',
231 silly addNameRange     '0.3.0',
231 silly addNameRange     '0.3.1',
231 silly addNameRange     '0.4.0',
231 silly addNameRange     '0.4.1',
231 silly addNameRange     '0.4.2',
231 silly addNameRange     '0.4.3',
231 silly addNameRange     '0.5.0',
231 silly addNameRange     '0.5.1',
231 silly addNameRange     '0.6.0',
231 silly addNameRange     '0.6.1',
231 silly addNameRange     '0.6.2',
231 silly addNameRange     '0.6.3',
231 silly addNameRange     '0.7.0',
231 silly addNameRange     '0.7.1',
231 silly addNameRange     '0.7.2',
231 silly addNameRange     '0.7.3',
231 silly addNameRange     '0.7.4',
231 silly addNameRange     '1.0.0',
231 silly addNameRange     '1.1.0',
231 silly addNameRange     '1.1.2',
231 silly addNameRange     '1.1.3',
231 silly addNameRange     '1.1.4',
231 silly addNameRange     '1.1.5',
231 silly addNameRange     '1.1.6',
231 silly addNameRange     '1.1.7' ] ]
232 silly addNamed resolve@1.1.7
233 verbose addNamed "1.1.7" is a plain semver version for resolve
234 silly mapToRegistry name resolve
235 silly mapToRegistry using default registry
236 silly mapToRegistry registry https://registry.npmjs.org/
237 silly mapToRegistry uri https://registry.npmjs.org/resolve
238 verbose addRemoteTarball https://registry.npmjs.org/resolve/-/resolve-1.1.7.tgz not in flight; adding
239 verbose addRemoteTarball [ 'https://registry.npmjs.org/resolve/-/resolve-1.1.7.tgz',
239 verbose addRemoteTarball   '203114d82ad2c5ed9e8e0411b3932875e889e97b' ]
240 info retry fetch attempt 1 at 4:59:41 PM
241 info attempt registry request try #1 at 4:59:41 PM
242 http fetch GET https://registry.npmjs.org/resolve/-/resolve-1.1.7.tgz
243 http fetch 200 https://registry.npmjs.org/grunt-known-options/-/grunt-known-options-1.1.0.tgz
244 silly fetchAndShaCheck shasum a4274eeb32fa765da5a7a3b1712617ce3b144149
245 verbose addTmpTarball /var/folders/n4/2f4bs3x56lvd377bc5x5kn7m0000gn/T/npm-58512-393125d6/registry.npmjs.org/grunt-known-options/-/grunt-known-options-1.1.0.tgz not in flight; adding
246 verbose addTmpTarball already have metadata; skipping unpack for grunt-known-options@1.1.0
247 silly cache afterAdd grunt-known-options@1.1.0
248 verbose afterAdd /Users/TejRajendran/.npm/grunt-known-options/1.1.0/package/package.json not in flight; writing
249 verbose afterAdd /Users/TejRajendran/.npm/grunt-known-options/1.1.0/package/package.json written
250 http fetch 200 https://registry.npmjs.org/resolve/-/resolve-1.1.7.tgz
251 silly fetchAndShaCheck shasum 203114d82ad2c5ed9e8e0411b3932875e889e97b
252 verbose addTmpTarball /var/folders/n4/2f4bs3x56lvd377bc5x5kn7m0000gn/T/npm-58512-393125d6/registry.npmjs.org/resolve/-/resolve-1.1.7.tgz not in flight; adding
253 verbose addTmpTarball already have metadata; skipping unpack for resolve@1.1.7
254 silly cache afterAdd resolve@1.1.7
255 verbose afterAdd /Users/TejRajendran/.npm/resolve/1.1.7/package/package.json not in flight; writing
256 verbose afterAdd /Users/TejRajendran/.npm/resolve/1.1.7/package/package.json written
257 silly fetchNamedPackageData glob
258 silly mapToRegistry name glob
259 silly mapToRegistry using default registry
260 silly mapToRegistry registry https://registry.npmjs.org/
261 silly mapToRegistry uri https://registry.npmjs.org/glob
262 verbose request uri https://registry.npmjs.org/glob
263 verbose request no auth needed
264 info attempt registry request try #1 at 4:59:41 PM
265 verbose etag "3AFNVSQLMS2KH0RWVH7UIDP6N"
266 http request GET https://registry.npmjs.org/glob
267 http 304 https://registry.npmjs.org/glob
268 verbose headers { date: 'Mon, 25 Apr 2016 23:59:41 GMT',
268 verbose headers   via: '1.1 varnish',
268 verbose headers   'cache-control': 'max-age=300',
268 verbose headers   etag: '"3AFNVSQLMS2KH0RWVH7UIDP6N"',
268 verbose headers   age: '169',
268 verbose headers   connection: 'keep-alive',
268 verbose headers   'x-served-by': 'cache-lax1430-LAX',
268 verbose headers   'x-cache': 'HIT',
268 verbose headers   'x-cache-hits': '19',
268 verbose headers   'x-timer': 'S1461628781.485396,VS0,VE0',
268 verbose headers   vary: 'Accept-Encoding' }
269 silly get cb [ 304,
269 silly get   { date: 'Mon, 25 Apr 2016 23:59:41 GMT',
269 silly get     via: '1.1 varnish',
269 silly get     'cache-control': 'max-age=300',
269 silly get     etag: '"3AFNVSQLMS2KH0RWVH7UIDP6N"',
269 silly get     age: '169',
269 silly get     connection: 'keep-alive',
269 silly get     'x-served-by': 'cache-lax1430-LAX',
269 silly get     'x-cache': 'HIT',
269 silly get     'x-cache-hits': '19',
269 silly get     'x-timer': 'S1461628781.485396,VS0,VE0',
269 silly get     vary: 'Accept-Encoding' } ]
270 verbose etag https://registry.npmjs.org/glob from cache
271 verbose get saving glob to /Users/TejRajendran/.npm/registry.npmjs.org/glob/.cache.json
272 silly resolveWithNewModule glob@5.0.15 checking installable status
273 silly cache add args [ 'glob@~5.0.0', null ]
274 verbose cache add spec glob@~5.0.0
275 silly cache add parsed spec Result {
275 silly cache add   raw: 'glob@~5.0.0',
275 silly cache add   scope: null,
275 silly cache add   name: 'glob',
275 silly cache add   rawSpec: '~5.0.0',
275 silly cache add   spec: '>=5.0.0 <5.1.0',
275 silly cache add   type: 'range' }
276 silly addNamed glob@>=5.0.0 <5.1.0
277 verbose addNamed ">=5.0.0 <5.1.0" is a valid semver range for glob
278 silly addNameRange { name: 'glob', range: '>=5.0.0 <5.1.0', hasData: false }
279 silly mapToRegistry name glob
280 silly mapToRegistry using default registry
281 silly mapToRegistry registry https://registry.npmjs.org/
282 silly mapToRegistry uri https://registry.npmjs.org/glob
283 verbose addNameRange registry:https://registry.npmjs.org/glob not in flight; fetching
284 verbose get https://registry.npmjs.org/glob not expired, no request
285 silly addNameRange number 2 { name: 'glob', range: '>=5.0.0 <5.1.0', hasData: true }
286 silly addNameRange versions [ 'glob',
286 silly addNameRange   [ '1.1.0',
286 silly addNameRange     '2.0.9',
286 silly addNameRange     '2.0.8',
286 silly addNameRange     '2.0.7',
286 silly addNameRange     '2.1.0',
286 silly addNameRange     '3.0.0',
286 silly addNameRange     '3.0.1',
286 silly addNameRange     '3.1.0',
286 silly addNameRange     '3.1.1',
286 silly addNameRange     '3.1.2',
286 silly addNameRange     '3.1.3',
286 silly addNameRange     '3.1.4',
286 silly addNameRange     '3.1.5',
286 silly addNameRange     '3.1.6',
286 silly addNameRange     '3.1.7',
286 silly addNameRange     '3.1.9',
286 silly addNameRange     '3.1.10',
286 silly addNameRange     '3.1.11',
286 silly addNameRange     '3.1.12',
286 silly addNameRange     '3.1.13',
286 silly addNameRange     '3.1.14',
286 silly addNameRange     '3.1.15',
286 silly addNameRange     '3.1.16',
286 silly addNameRange     '3.1.17',
286 silly addNameRange     '3.1.18',
286 silly addNameRange     '3.1.19',
286 silly addNameRange     '3.1.20',
286 silly addNameRange     '3.1.21',
286 silly addNameRange     '3.2.0',
286 silly addNameRange     '3.2.1',
286 silly addNameRange     '3.2.3',
286 silly addNameRange     '3.2.4',
286 silly addNameRange     '3.2.5',
286 silly addNameRange     '3.2.6',
286 silly addNameRange     '3.2.7',
286 silly addNameRange     '3.2.8',
286 silly addNameRange     '3.2.9',
286 silly addNameRange     '3.2.10',
286 silly addNameRange     '3.2.11',
286 silly addNameRange     '4.0.0',
286 silly addNameRange     '4.0.1',
286 silly addNameRange     '4.0.2',
286 silly addNameRange     '4.0.3',
286 silly addNameRange     '4.0.4',
286 silly addNameRange     '4.0.5',
286 silly addNameRange     '4.0.6',
286 silly addNameRange     '4.1.2-beta',
286 silly addNameRange     '4.1.2',
286 silly addNameRange     '4.1.3',
286 silly addNameRange     '4.1.4',
286 silly addNameRange     '4.1.5',
286 silly addNameRange     '4.1.6',
286 silly addNameRange     '4.2.0',
286 silly addNameRange     '4.2.1',
286 silly addNameRange     '4.2.2',
286 silly addNameRange     '4.3.0',
286 silly addNameRange     '4.3.1',
286 silly addNameRange     '4.3.2',
286 silly addNameRange     '4.3.3',
286 silly addNameRange     '4.3.4',
286 silly addNameRange     '4.3.5',
286 silly addNameRange     '4.4.0',
286 silly addNameRange     '4.4.2',
286 silly addNameRange     '4.5.0',
286 silly addNameRange     '5.0.0',
286 silly addNameRange     '4.5.1',
286 silly addNameRange     '5.0.1',
286 silly addNameRange     '4.5.2',
286 silly addNameRange     '5.0.2',
286 silly addNameRange     '4.5.3',
286 silly addNameRange     '5.0.3',
286 silly addNameRange     '5.0.4',
286 silly addNameRange     '5.0.5',
286 silly addNameRange     '5.0.6',
286 silly addNameRange     '5.0.7',
286 silly addNameRange     '5.0.9',
286 silly addNameRange     '5.0.10',
286 silly addNameRange     '5.0.11',
286 silly addNameRange     '5.0.12',
286 silly addNameRange     '5.0.13',
286 silly addNameRange     '5.0.14',
286 silly addNameRange     '5.0.15',
286 silly addNameRange     '6.0.1',
286 silly addNameRange     '6.0.2',
286 silly addNameRange     '6.0.3',
286 silly addNameRange     '6.0.4',
286 silly addNameRange     '7.0.0',
286 silly addNameRange     '7.0.1',
286 silly addNameRange     '7.0.3' ] ]
287 silly addNamed glob@5.0.15
288 verbose addNamed "5.0.15" is a plain semver version for glob
289 silly cache afterAdd glob@5.0.15
290 verbose afterAdd /Users/TejRajendran/.npm/glob/5.0.15/package/package.json not in flight; writing
291 verbose afterAdd /Users/TejRajendran/.npm/glob/5.0.15/package/package.json written
292 silly fetchNamedPackageData inflight
293 silly mapToRegistry name inflight
294 silly mapToRegistry using default registry
295 silly mapToRegistry registry https://registry.npmjs.org/
296 silly mapToRegistry uri https://registry.npmjs.org/inflight
297 silly fetchNamedPackageData inherits
298 silly mapToRegistry name inherits
299 silly mapToRegistry using default registry
300 silly mapToRegistry registry https://registry.npmjs.org/
301 silly mapToRegistry uri https://registry.npmjs.org/inherits
302 silly fetchNamedPackageData minimatch
303 silly mapToRegistry name minimatch
304 silly mapToRegistry using default registry
305 silly mapToRegistry registry https://registry.npmjs.org/
306 silly mapToRegistry uri https://registry.npmjs.org/minimatch
307 silly fetchNamedPackageData once
308 silly mapToRegistry name once
309 silly mapToRegistry using default registry
310 silly mapToRegistry registry https://registry.npmjs.org/
311 silly mapToRegistry uri https://registry.npmjs.org/once
312 silly fetchNamedPackageData path-is-absolute
313 silly mapToRegistry name path-is-absolute
314 silly mapToRegistry using default registry
315 silly mapToRegistry registry https://registry.npmjs.org/
316 silly mapToRegistry uri https://registry.npmjs.org/path-is-absolute
317 verbose request uri https://registry.npmjs.org/inflight
318 verbose request no auth needed
319 info attempt registry request try #1 at 4:59:41 PM
320 verbose etag "AYD7KENJNHXM5Z0WKMT2D06HW"
321 http request GET https://registry.npmjs.org/inflight
322 verbose request uri https://registry.npmjs.org/inherits
323 verbose request no auth needed
324 info attempt registry request try #1 at 4:59:41 PM
325 verbose etag "9C23BNETE30UZVYRVML0QUTBX"
326 http request GET https://registry.npmjs.org/inherits
327 verbose request uri https://registry.npmjs.org/once
328 verbose request no auth needed
329 info attempt registry request try #1 at 4:59:41 PM
330 verbose etag "19BC5SB4QCK4KR5ZAJCMUBZ3M"
331 http request GET https://registry.npmjs.org/once
332 verbose request uri https://registry.npmjs.org/minimatch
333 verbose request no auth needed
334 info attempt registry request try #1 at 4:59:41 PM
335 verbose etag "DFZODLEATQAZ2N0BZOZDSZYIR"
336 http request GET https://registry.npmjs.org/minimatch
337 verbose request uri https://registry.npmjs.org/path-is-absolute
338 verbose request no auth needed
339 info attempt registry request try #1 at 4:59:41 PM
340 verbose etag "BN5VZYARJTFIZINEV94ZMOHSE"
341 http request GET https://registry.npmjs.org/path-is-absolute
342 http 304 https://registry.npmjs.org/inherits
343 verbose headers { date: 'Mon, 25 Apr 2016 23:59:41 GMT',
343 verbose headers   via: '1.1 varnish',
343 verbose headers   'cache-control': 'max-age=300',
343 verbose headers   etag: '"9C23BNETE30UZVYRVML0QUTBX"',
343 verbose headers   age: '102',
343 verbose headers   connection: 'keep-alive',
343 verbose headers   'x-served-by': 'cache-lax1425-LAX',
343 verbose headers   'x-cache': 'HIT',
343 verbose headers   'x-cache-hits': '16',
343 verbose headers   'x-timer': 'S1461628781.658384,VS0,VE0',
343 verbose headers   vary: 'Accept-Encoding' }
344 silly get cb [ 304,
344 silly get   { date: 'Mon, 25 Apr 2016 23:59:41 GMT',
344 silly get     via: '1.1 varnish',
344 silly get     'cache-control': 'max-age=300',
344 silly get     etag: '"9C23BNETE30UZVYRVML0QUTBX"',
344 silly get     age: '102',
344 silly get     connection: 'keep-alive',
344 silly get     'x-served-by': 'cache-lax1425-LAX',
344 silly get     'x-cache': 'HIT',
344 silly get     'x-cache-hits': '16',
344 silly get     'x-timer': 'S1461628781.658384,VS0,VE0',
344 silly get     vary: 'Accept-Encoding' } ]
345 verbose etag https://registry.npmjs.org/inherits from cache
346 verbose get saving inherits to /Users/TejRajendran/.npm/registry.npmjs.org/inherits/.cache.json
347 http 304 https://registry.npmjs.org/inflight
348 verbose headers { date: 'Mon, 25 Apr 2016 23:59:41 GMT',
348 verbose headers   via: '1.1 varnish',
348 verbose headers   'cache-control': 'max-age=300',
348 verbose headers   etag: '"AYD7KENJNHXM5Z0WKMT2D06HW"',
348 verbose headers   age: '299',
348 verbose headers   connection: 'keep-alive',
348 verbose headers   'x-served-by': 'cache-lax1427-LAX',
348 verbose headers   'x-cache': 'HIT',
348 verbose headers   'x-cache-hits': '35',
348 verbose headers   'x-timer': 'S1461628781.658736,VS0,VE0',
348 verbose headers   vary: 'Accept-Encoding' }
349 silly get cb [ 304,
349 silly get   { date: 'Mon, 25 Apr 2016 23:59:41 GMT',
349 silly get     via: '1.1 varnish',
349 silly get     'cache-control': 'max-age=300',
349 silly get     etag: '"AYD7KENJNHXM5Z0WKMT2D06HW"',
349 silly get     age: '299',
349 silly get     connection: 'keep-alive',
349 silly get     'x-served-by': 'cache-lax1427-LAX',
349 silly get     'x-cache': 'HIT',
349 silly get     'x-cache-hits': '35',
349 silly get     'x-timer': 'S1461628781.658736,VS0,VE0',
349 silly get     vary: 'Accept-Encoding' } ]
350 verbose etag https://registry.npmjs.org/inflight from cache
351 verbose get saving inflight to /Users/TejRajendran/.npm/registry.npmjs.org/inflight/.cache.json
352 http 304 https://registry.npmjs.org/once
353 verbose headers { date: 'Mon, 25 Apr 2016 23:59:41 GMT',
353 verbose headers   via: '1.1 varnish',
353 verbose headers   'cache-control': 'max-age=300',
353 verbose headers   etag: '"19BC5SB4QCK4KR5ZAJCMUBZ3M"',
353 verbose headers   age: '294',
353 verbose headers   connection: 'keep-alive',
353 verbose headers   'x-served-by': 'cache-lax1421-LAX',
353 verbose headers   'x-cache': 'HIT',
353 verbose headers   'x-cache-hits': '28',
353 verbose headers   'x-timer': 'S1461628781.658242,VS0,VE0',
353 verbose headers   vary: 'Accept-Encoding' }
354 silly get cb [ 304,
354 silly get   { date: 'Mon, 25 Apr 2016 23:59:41 GMT',
354 silly get     via: '1.1 varnish',
354 silly get     'cache-control': 'max-age=300',
354 silly get     etag: '"19BC5SB4QCK4KR5ZAJCMUBZ3M"',
354 silly get     age: '294',
354 silly get     connection: 'keep-alive',
354 silly get     'x-served-by': 'cache-lax1421-LAX',
354 silly get     'x-cache': 'HIT',
354 silly get     'x-cache-hits': '28',
354 silly get     'x-timer': 'S1461628781.658242,VS0,VE0',
354 silly get     vary: 'Accept-Encoding' } ]
355 verbose etag https://registry.npmjs.org/once from cache
356 verbose get saving once to /Users/TejRajendran/.npm/registry.npmjs.org/once/.cache.json
357 silly resolveWithNewModule inherits@2.0.1 checking installable status
358 silly cache add args [ 'inherits@2', null ]
359 verbose cache add spec inherits@2
360 silly cache add parsed spec Result {
360 silly cache add   raw: 'inherits@2',
360 silly cache add   scope: null,
360 silly cache add   name: 'inherits',
360 silly cache add   rawSpec: '2',
360 silly cache add   spec: '>=2.0.0 <3.0.0',
360 silly cache add   type: 'range' }
361 silly addNamed inherits@>=2.0.0 <3.0.0
362 verbose addNamed ">=2.0.0 <3.0.0" is a valid semver range for inherits
363 silly addNameRange { name: 'inherits', range: '>=2.0.0 <3.0.0', hasData: false }
364 silly mapToRegistry name inherits
365 silly mapToRegistry using default registry
366 silly mapToRegistry registry https://registry.npmjs.org/
367 silly mapToRegistry uri https://registry.npmjs.org/inherits
368 verbose addNameRange registry:https://registry.npmjs.org/inherits not in flight; fetching
369 silly resolveWithNewModule inflight@1.0.4 checking installable status
370 silly cache add args [ 'inflight@^1.0.4', null ]
371 verbose cache add spec inflight@^1.0.4
372 silly cache add parsed spec Result {
372 silly cache add   raw: 'inflight@^1.0.4',
372 silly cache add   scope: null,
372 silly cache add   name: 'inflight',
372 silly cache add   rawSpec: '^1.0.4',
372 silly cache add   spec: '>=1.0.4 <2.0.0',
372 silly cache add   type: 'range' }
373 silly addNamed inflight@>=1.0.4 <2.0.0
374 verbose addNamed ">=1.0.4 <2.0.0" is a valid semver range for inflight
375 silly addNameRange { name: 'inflight', range: '>=1.0.4 <2.0.0', hasData: false }
376 silly mapToRegistry name inflight
377 silly mapToRegistry using default registry
378 silly mapToRegistry registry https://registry.npmjs.org/
379 silly mapToRegistry uri https://registry.npmjs.org/inflight
380 verbose addNameRange registry:https://registry.npmjs.org/inflight not in flight; fetching
381 silly resolveWithNewModule once@1.3.3 checking installable status
382 silly cache add args [ 'once@^1.3.0', null ]
383 verbose cache add spec once@^1.3.0
384 silly cache add parsed spec Result {
384 silly cache add   raw: 'once@^1.3.0',
384 silly cache add   scope: null,
384 silly cache add   name: 'once',
384 silly cache add   rawSpec: '^1.3.0',
384 silly cache add   spec: '>=1.3.0 <2.0.0',
384 silly cache add   type: 'range' }
385 silly addNamed once@>=1.3.0 <2.0.0
386 verbose addNamed ">=1.3.0 <2.0.0" is a valid semver range for once
387 silly addNameRange { name: 'once', range: '>=1.3.0 <2.0.0', hasData: false }
388 silly mapToRegistry name once
389 silly mapToRegistry using default registry
390 silly mapToRegistry registry https://registry.npmjs.org/
391 silly mapToRegistry uri https://registry.npmjs.org/once
392 verbose addNameRange registry:https://registry.npmjs.org/once not in flight; fetching
393 verbose get https://registry.npmjs.org/inflight not expired, no request
394 silly addNameRange number 2 { name: 'inflight', range: '>=1.0.4 <2.0.0', hasData: true }
395 silly addNameRange versions [ 'inflight', [ '1.0.0', '1.0.1', '1.0.2', '1.0.3', '1.0.4' ] ]
396 silly addNamed inflight@1.0.4
397 verbose addNamed "1.0.4" is a plain semver version for inflight
398 verbose get https://registry.npmjs.org/inherits not expired, no request
399 silly addNameRange number 2 { name: 'inherits', range: '>=2.0.0 <3.0.0', hasData: true }
400 silly addNameRange versions [ 'inherits', [ '1.0.0', '2.0.0', '2.0.1', '1.0.1', '1.0.2' ] ]
401 silly addNamed inherits@2.0.1
402 verbose addNamed "2.0.1" is a plain semver version for inherits
403 verbose get https://registry.npmjs.org/once not expired, no request
404 silly addNameRange number 2 { name: 'once', range: '>=1.3.0 <2.0.0', hasData: true }
405 silly addNameRange versions [ 'once',
405 silly addNameRange   [ '1.1.1', '1.2.0', '1.3.0', '1.3.1', '1.3.2', '1.3.3' ] ]
406 silly addNamed once@1.3.3
407 verbose addNamed "1.3.3" is a plain semver version for once
408 http 304 https://registry.npmjs.org/path-is-absolute
409 verbose headers { date: 'Mon, 25 Apr 2016 23:59:41 GMT',
409 verbose headers   via: '1.1 varnish',
409 verbose headers   'cache-control': 'max-age=300',
409 verbose headers   etag: '"BN5VZYARJTFIZINEV94ZMOHSE"',
409 verbose headers   age: '293',
409 verbose headers   connection: 'keep-alive',
409 verbose headers   'x-served-by': 'cache-lax1433-LAX',
409 verbose headers   'x-cache': 'HIT',
409 verbose headers   'x-cache-hits': '35',
409 verbose headers   'x-timer': 'S1461628781.682246,VS0,VE0',
409 verbose headers   vary: 'Accept-Encoding' }
410 silly get cb [ 304,
410 silly get   { date: 'Mon, 25 Apr 2016 23:59:41 GMT',
410 silly get     via: '1.1 varnish',
410 silly get     'cache-control': 'max-age=300',
410 silly get     etag: '"BN5VZYARJTFIZINEV94ZMOHSE"',
410 silly get     age: '293',
410 silly get     connection: 'keep-alive',
410 silly get     'x-served-by': 'cache-lax1433-LAX',
410 silly get     'x-cache': 'HIT',
410 silly get     'x-cache-hits': '35',
410 silly get     'x-timer': 'S1461628781.682246,VS0,VE0',
410 silly get     vary: 'Accept-Encoding' } ]
411 verbose etag https://registry.npmjs.org/path-is-absolute from cache
412 verbose get saving path-is-absolute to /Users/TejRajendran/.npm/registry.npmjs.org/path-is-absolute/.cache.json
413 silly cache afterAdd inflight@1.0.4
414 verbose afterAdd /Users/TejRajendran/.npm/inflight/1.0.4/package/package.json not in flight; writing
415 silly cache afterAdd inherits@2.0.1
416 verbose afterAdd /Users/TejRajendran/.npm/inherits/2.0.1/package/package.json not in flight; writing
417 silly cache afterAdd once@1.3.3
418 verbose afterAdd /Users/TejRajendran/.npm/once/1.3.3/package/package.json not in flight; writing
419 http 304 https://registry.npmjs.org/minimatch
420 verbose headers { date: 'Mon, 25 Apr 2016 23:59:41 GMT',
420 verbose headers   via: '1.1 varnish',
420 verbose headers   'cache-control': 'max-age=300',
420 verbose headers   etag: '"DFZODLEATQAZ2N0BZOZDSZYIR"',
420 verbose headers   age: '93',
420 verbose headers   connection: 'keep-alive',
420 verbose headers   'x-served-by': 'cache-lax1426-LAX',
420 verbose headers   'x-cache': 'HIT',
420 verbose headers   'x-cache-hits': '14',
420 verbose headers   'x-timer': 'S1461628781.687942,VS0,VE0',
420 verbose headers   vary: 'Accept-Encoding' }
421 silly get cb [ 304,
421 silly get   { date: 'Mon, 25 Apr 2016 23:59:41 GMT',
421 silly get     via: '1.1 varnish',
421 silly get     'cache-control': 'max-age=300',
421 silly get     etag: '"DFZODLEATQAZ2N0BZOZDSZYIR"',
421 silly get     age: '93',
421 silly get     connection: 'keep-alive',
421 silly get     'x-served-by': 'cache-lax1426-LAX',
421 silly get     'x-cache': 'HIT',
421 silly get     'x-cache-hits': '14',
421 silly get     'x-timer': 'S1461628781.687942,VS0,VE0',
421 silly get     vary: 'Accept-Encoding' } ]
422 verbose etag https://registry.npmjs.org/minimatch from cache
423 verbose get saving minimatch to /Users/TejRajendran/.npm/registry.npmjs.org/minimatch/.cache.json
424 verbose afterAdd /Users/TejRajendran/.npm/inherits/2.0.1/package/package.json written
425 verbose afterAdd /Users/TejRajendran/.npm/inflight/1.0.4/package/package.json written
426 verbose afterAdd /Users/TejRajendran/.npm/once/1.3.3/package/package.json written
427 silly resolveWithNewModule path-is-absolute@1.0.0 checking installable status
428 silly cache add args [ 'path-is-absolute@^1.0.0', null ]
429 verbose cache add spec path-is-absolute@^1.0.0
430 silly cache add parsed spec Result {
430 silly cache add   raw: 'path-is-absolute@^1.0.0',
430 silly cache add   scope: null,
430 silly cache add   name: 'path-is-absolute',
430 silly cache add   rawSpec: '^1.0.0',
430 silly cache add   spec: '>=1.0.0 <2.0.0',
430 silly cache add   type: 'range' }
431 silly addNamed path-is-absolute@>=1.0.0 <2.0.0
432 verbose addNamed ">=1.0.0 <2.0.0" is a valid semver range for path-is-absolute
433 silly addNameRange { name: 'path-is-absolute',
433 silly addNameRange   range: '>=1.0.0 <2.0.0',
433 silly addNameRange   hasData: false }
434 silly mapToRegistry name path-is-absolute
435 silly mapToRegistry using default registry
436 silly mapToRegistry registry https://registry.npmjs.org/
437 silly mapToRegistry uri https://registry.npmjs.org/path-is-absolute
438 verbose addNameRange registry:https://registry.npmjs.org/path-is-absolute not in flight; fetching
439 silly resolveWithNewModule minimatch@3.0.0 checking installable status
440 silly cache add args [ 'minimatch@2 || 3', null ]
441 verbose cache add spec minimatch@2 || 3
442 silly cache add parsed spec Result {
442 silly cache add   raw: 'minimatch@2 || 3',
442 silly cache add   scope: null,
442 silly cache add   name: 'minimatch',
442 silly cache add   rawSpec: '2 || 3',
442 silly cache add   spec: '>=2.0.0 <3.0.0||>=3.0.0 <4.0.0',
442 silly cache add   type: 'range' }
443 silly addNamed minimatch@>=2.0.0 <3.0.0||>=3.0.0 <4.0.0
444 verbose addNamed ">=2.0.0 <3.0.0||>=3.0.0 <4.0.0" is a valid semver range for minimatch
445 silly addNameRange { name: 'minimatch',
445 silly addNameRange   range: '>=2.0.0 <3.0.0||>=3.0.0 <4.0.0',
445 silly addNameRange   hasData: false }
446 silly mapToRegistry name minimatch
447 silly mapToRegistry using default registry
448 silly mapToRegistry registry https://registry.npmjs.org/
449 silly mapToRegistry uri https://registry.npmjs.org/minimatch
450 verbose addNameRange registry:https://registry.npmjs.org/minimatch not in flight; fetching
451 verbose get https://registry.npmjs.org/path-is-absolute not expired, no request
452 silly addNameRange number 2 { name: 'path-is-absolute',
452 silly addNameRange   range: '>=1.0.0 <2.0.0',
452 silly addNameRange   hasData: true }
453 silly addNameRange versions [ 'path-is-absolute', [ '1.0.0' ] ]
454 silly addNamed path-is-absolute@1.0.0
455 verbose addNamed "1.0.0" is a plain semver version for path-is-absolute
456 verbose get https://registry.npmjs.org/minimatch not expired, no request
457 silly addNameRange number 2 { name: 'minimatch',
457 silly addNameRange   range: '>=2.0.0 <3.0.0||>=3.0.0 <4.0.0',
457 silly addNameRange   hasData: true }
458 silly addNameRange versions [ 'minimatch',
458 silly addNameRange   [ '0.0.1',
458 silly addNameRange     '0.0.2',
458 silly addNameRange     '0.0.4',
458 silly addNameRange     '0.0.5',
458 silly addNameRange     '0.1.1',
458 silly addNameRange     '0.1.2',
458 silly addNameRange     '0.1.3',
458 silly addNameRange     '0.1.4',
458 silly addNameRange     '0.1.5',
458 silly addNameRange     '0.2.0',
458 silly addNameRange     '0.2.2',
458 silly addNameRange     '0.2.3',
458 silly addNameRange     '0.2.4',
458 silly addNameRange     '0.2.5',
458 silly addNameRange     '0.2.6',
458 silly addNameRange     '0.2.7',
458 silly addNameRange     '0.2.8',
458 silly addNameRange     '0.2.9',
458 silly addNameRange     '0.2.10',
458 silly addNameRange     '0.2.11',
458 silly addNameRange     '0.2.12',
458 silly addNameRange     '0.2.13',
458 silly addNameRange     '0.2.14',
458 silly addNameRange     '0.3.0',
458 silly addNameRange     '0.4.0',
458 silly addNameRange     '1.0.0',
458 silly addNameRange     '2.0.0',
458 silly addNameRange     '2.0.1',
458 silly addNameRange     '2.0.2',
458 silly addNameRange     '2.0.3',
458 silly addNameRange     '2.0.4',
458 silly addNameRange     '2.0.5',
458 silly addNameRange     '2.0.6',
458 silly addNameRange     '2.0.7',
458 silly addNameRange     '2.0.8',
458 silly addNameRange     '2.0.9',
458 silly addNameRange     '2.0.10',
458 silly addNameRange     '3.0.0' ] ]
459 silly addNamed minimatch@3.0.0
460 verbose addNamed "3.0.0" is a plain semver version for minimatch
461 silly cache afterAdd path-is-absolute@1.0.0
462 verbose afterAdd /Users/TejRajendran/.npm/path-is-absolute/1.0.0/package/package.json not in flight; writing
463 silly cache afterAdd minimatch@3.0.0
464 verbose afterAdd /Users/TejRajendran/.npm/minimatch/3.0.0/package/package.json not in flight; writing
465 verbose afterAdd /Users/TejRajendran/.npm/minimatch/3.0.0/package/package.json written
466 verbose afterAdd /Users/TejRajendran/.npm/path-is-absolute/1.0.0/package/package.json written
467 silly fetchNamedPackageData wrappy
468 silly mapToRegistry name wrappy
469 silly mapToRegistry using default registry
470 silly mapToRegistry registry https://registry.npmjs.org/
471 silly mapToRegistry uri https://registry.npmjs.org/wrappy
472 verbose request uri https://registry.npmjs.org/wrappy
473 verbose request no auth needed
474 info attempt registry request try #1 at 4:59:41 PM
475 verbose etag "BC9JAW6E2PQBS8NYYKIYUR99F"
476 http request GET https://registry.npmjs.org/wrappy
477 http 304 https://registry.npmjs.org/wrappy
478 verbose headers { date: 'Mon, 25 Apr 2016 23:59:41 GMT',
478 verbose headers   via: '1.1 varnish',
478 verbose headers   'cache-control': 'max-age=300',
478 verbose headers   etag: '"BC9JAW6E2PQBS8NYYKIYUR99F"',
478 verbose headers   age: '68',
478 verbose headers   connection: 'keep-alive',
478 verbose headers   'x-served-by': 'cache-lax1421-LAX',
478 verbose headers   'x-cache': 'HIT',
478 verbose headers   'x-cache-hits': '10',
478 verbose headers   'x-timer': 'S1461628781.802236,VS0,VE0',
478 verbose headers   vary: 'Accept-Encoding' }
479 silly get cb [ 304,
479 silly get   { date: 'Mon, 25 Apr 2016 23:59:41 GMT',
479 silly get     via: '1.1 varnish',
479 silly get     'cache-control': 'max-age=300',
479 silly get     etag: '"BC9JAW6E2PQBS8NYYKIYUR99F"',
479 silly get     age: '68',
479 silly get     connection: 'keep-alive',
479 silly get     'x-served-by': 'cache-lax1421-LAX',
479 silly get     'x-cache': 'HIT',
479 silly get     'x-cache-hits': '10',
479 silly get     'x-timer': 'S1461628781.802236,VS0,VE0',
479 silly get     vary: 'Accept-Encoding' } ]
480 verbose etag https://registry.npmjs.org/wrappy from cache
481 verbose get saving wrappy to /Users/TejRajendran/.npm/registry.npmjs.org/wrappy/.cache.json
482 silly resolveWithNewModule wrappy@1.0.1 checking installable status
483 silly cache add args [ 'wrappy@1', null ]
484 verbose cache add spec wrappy@1
485 silly cache add parsed spec Result {
485 silly cache add   raw: 'wrappy@1',
485 silly cache add   scope: null,
485 silly cache add   name: 'wrappy',
485 silly cache add   rawSpec: '1',
485 silly cache add   spec: '>=1.0.0 <2.0.0',
485 silly cache add   type: 'range' }
486 silly addNamed wrappy@>=1.0.0 <2.0.0
487 verbose addNamed ">=1.0.0 <2.0.0" is a valid semver range for wrappy
488 silly addNameRange { name: 'wrappy', range: '>=1.0.0 <2.0.0', hasData: false }
489 silly mapToRegistry name wrappy
490 silly mapToRegistry using default registry
491 silly mapToRegistry registry https://registry.npmjs.org/
492 silly mapToRegistry uri https://registry.npmjs.org/wrappy
493 verbose addNameRange registry:https://registry.npmjs.org/wrappy not in flight; fetching
494 verbose get https://registry.npmjs.org/wrappy not expired, no request
495 silly addNameRange number 2 { name: 'wrappy', range: '>=1.0.0 <2.0.0', hasData: true }
496 silly addNameRange versions [ 'wrappy', [ '1.0.0', '1.0.1' ] ]
497 silly addNamed wrappy@1.0.1
498 verbose addNamed "1.0.1" is a plain semver version for wrappy
499 silly cache afterAdd wrappy@1.0.1
500 verbose afterAdd /Users/TejRajendran/.npm/wrappy/1.0.1/package/package.json not in flight; writing
501 verbose afterAdd /Users/TejRajendran/.npm/wrappy/1.0.1/package/package.json written
502 silly fetchNamedPackageData brace-expansion
503 silly mapToRegistry name brace-expansion
504 silly mapToRegistry using default registry
505 silly mapToRegistry registry https://registry.npmjs.org/
506 silly mapToRegistry uri https://registry.npmjs.org/brace-expansion
507 verbose request uri https://registry.npmjs.org/brace-expansion
508 verbose request no auth needed
509 info attempt registry request try #1 at 4:59:41 PM
510 verbose etag "9MB4GW1V361IHI8FF58TT6D7W"
511 http request GET https://registry.npmjs.org/brace-expansion
512 http 304 https://registry.npmjs.org/brace-expansion
513 verbose headers { date: 'Mon, 25 Apr 2016 23:59:41 GMT',
513 verbose headers   via: '1.1 varnish',
513 verbose headers   'cache-control': 'max-age=300',
513 verbose headers   etag: '"9MB4GW1V361IHI8FF58TT6D7W"',
513 verbose headers   age: '188',
513 verbose headers   connection: 'keep-alive',
513 verbose headers   'x-served-by': 'cache-lax1423-LAX',
513 verbose headers   'x-cache': 'HIT',
513 verbose headers   'x-cache-hits': '30',
513 verbose headers   'x-timer': 'S1461628781.901272,VS0,VE0',
513 verbose headers   vary: 'Accept-Encoding' }
514 silly get cb [ 304,
514 silly get   { date: 'Mon, 25 Apr 2016 23:59:41 GMT',
514 silly get     via: '1.1 varnish',
514 silly get     'cache-control': 'max-age=300',
514 silly get     etag: '"9MB4GW1V361IHI8FF58TT6D7W"',
514 silly get     age: '188',
514 silly get     connection: 'keep-alive',
514 silly get     'x-served-by': 'cache-lax1423-LAX',
514 silly get     'x-cache': 'HIT',
514 silly get     'x-cache-hits': '30',
514 silly get     'x-timer': 'S1461628781.901272,VS0,VE0',
514 silly get     vary: 'Accept-Encoding' } ]
515 verbose etag https://registry.npmjs.org/brace-expansion from cache
516 verbose get saving brace-expansion to /Users/TejRajendran/.npm/registry.npmjs.org/brace-expansion/.cache.json
517 silly resolveWithNewModule brace-expansion@1.1.3 checking installable status
518 silly cache add args [ 'brace-expansion@^1.0.0', null ]
519 verbose cache add spec brace-expansion@^1.0.0
520 silly cache add parsed spec Result {
520 silly cache add   raw: 'brace-expansion@^1.0.0',
520 silly cache add   scope: null,
520 silly cache add   name: 'brace-expansion',
520 silly cache add   rawSpec: '^1.0.0',
520 silly cache add   spec: '>=1.0.0 <2.0.0',
520 silly cache add   type: 'range' }
521 silly addNamed brace-expansion@>=1.0.0 <2.0.0
522 verbose addNamed ">=1.0.0 <2.0.0" is a valid semver range for brace-expansion
523 silly addNameRange { name: 'brace-expansion',
523 silly addNameRange   range: '>=1.0.0 <2.0.0',
523 silly addNameRange   hasData: false }
524 silly mapToRegistry name brace-expansion
525 silly mapToRegistry using default registry
526 silly mapToRegistry registry https://registry.npmjs.org/
527 silly mapToRegistry uri https://registry.npmjs.org/brace-expansion
528 verbose addNameRange registry:https://registry.npmjs.org/brace-expansion not in flight; fetching
529 verbose get https://registry.npmjs.org/brace-expansion not expired, no request
530 silly addNameRange number 2 { name: 'brace-expansion',
530 silly addNameRange   range: '>=1.0.0 <2.0.0',
530 silly addNameRange   hasData: true }
531 silly addNameRange versions [ 'brace-expansion',
531 silly addNameRange   [ '0.0.0', '1.0.0', '1.0.1', '1.1.0', '1.1.1', '1.1.2', '1.1.3' ] ]
532 silly addNamed brace-expansion@1.1.3
533 verbose addNamed "1.1.3" is a plain semver version for brace-expansion
534 silly cache afterAdd brace-expansion@1.1.3
535 verbose afterAdd /Users/TejRajendran/.npm/brace-expansion/1.1.3/package/package.json not in flight; writing
536 verbose afterAdd /Users/TejRajendran/.npm/brace-expansion/1.1.3/package/package.json written
537 silly fetchNamedPackageData balanced-match
538 silly mapToRegistry name balanced-match
539 silly mapToRegistry using default registry
540 silly mapToRegistry registry https://registry.npmjs.org/
541 silly mapToRegistry uri https://registry.npmjs.org/balanced-match
542 silly fetchNamedPackageData concat-map
543 silly mapToRegistry name concat-map
544 silly mapToRegistry using default registry
545 silly mapToRegistry registry https://registry.npmjs.org/
546 silly mapToRegistry uri https://registry.npmjs.org/concat-map
547 verbose request uri https://registry.npmjs.org/concat-map
548 verbose request no auth needed
549 info attempt registry request try #1 at 4:59:41 PM
550 verbose etag "66LI2B4AH1989LYDFSL4P944A"
551 http request GET https://registry.npmjs.org/concat-map
552 verbose request uri https://registry.npmjs.org/balanced-match
553 verbose request no auth needed
554 info attempt registry request try #1 at 4:59:41 PM
555 verbose etag "2UCIXDVPHPVG0UBO9EWI4V9XC"
556 http request GET https://registry.npmjs.org/balanced-match
557 http 304 https://registry.npmjs.org/balanced-match
558 verbose headers { date: 'Mon, 25 Apr 2016 23:59:42 GMT',
558 verbose headers   via: '1.1 varnish',
558 verbose headers   'cache-control': 'max-age=300',
558 verbose headers   etag: '"2UCIXDVPHPVG0UBO9EWI4V9XC"',
558 verbose headers   age: '10',
558 verbose headers   connection: 'keep-alive',
558 verbose headers   'x-served-by': 'cache-lax1422-LAX',
558 verbose headers   'x-cache': 'HIT',
558 verbose headers   'x-cache-hits': '5',
558 verbose headers   'x-timer': 'S1461628782.033431,VS0,VE0',
558 verbose headers   vary: 'Accept-Encoding' }
559 silly get cb [ 304,
559 silly get   { date: 'Mon, 25 Apr 2016 23:59:42 GMT',
559 silly get     via: '1.1 varnish',
559 silly get     'cache-control': 'max-age=300',
559 silly get     etag: '"2UCIXDVPHPVG0UBO9EWI4V9XC"',
559 silly get     age: '10',
559 silly get     connection: 'keep-alive',
559 silly get     'x-served-by': 'cache-lax1422-LAX',
559 silly get     'x-cache': 'HIT',
559 silly get     'x-cache-hits': '5',
559 silly get     'x-timer': 'S1461628782.033431,VS0,VE0',
559 silly get     vary: 'Accept-Encoding' } ]
560 verbose etag https://registry.npmjs.org/balanced-match from cache
561 verbose get saving balanced-match to /Users/TejRajendran/.npm/registry.npmjs.org/balanced-match/.cache.json
562 http 304 https://registry.npmjs.org/concat-map
563 verbose headers { date: 'Mon, 25 Apr 2016 23:59:42 GMT',
563 verbose headers   via: '1.1 varnish',
563 verbose headers   'cache-control': 'max-age=300',
563 verbose headers   etag: '"66LI2B4AH1989LYDFSL4P944A"',
563 verbose headers   age: '28',
563 verbose headers   connection: 'keep-alive',
563 verbose headers   'x-served-by': 'cache-lax1432-LAX',
563 verbose headers   'x-cache': 'HIT',
563 verbose headers   'x-cache-hits': '2',
563 verbose headers   'x-timer': 'S1461628782.037191,VS0,VE0',
563 verbose headers   vary: 'Accept-Encoding' }
564 silly get cb [ 304,
564 silly get   { date: 'Mon, 25 Apr 2016 23:59:42 GMT',
564 silly get     via: '1.1 varnish',
564 silly get     'cache-control': 'max-age=300',
564 silly get     etag: '"66LI2B4AH1989LYDFSL4P944A"',
564 silly get     age: '28',
564 silly get     connection: 'keep-alive',
564 silly get     'x-served-by': 'cache-lax1432-LAX',
564 silly get     'x-cache': 'HIT',
564 silly get     'x-cache-hits': '2',
564 silly get     'x-timer': 'S1461628782.037191,VS0,VE0',
564 silly get     vary: 'Accept-Encoding' } ]
565 verbose etag https://registry.npmjs.org/concat-map from cache
566 verbose get saving concat-map to /Users/TejRajendran/.npm/registry.npmjs.org/concat-map/.cache.json
567 silly resolveWithNewModule balanced-match@0.3.0 checking installable status
568 silly cache add args [ 'balanced-match@^0.3.0', null ]
569 verbose cache add spec balanced-match@^0.3.0
570 silly cache add parsed spec Result {
570 silly cache add   raw: 'balanced-match@^0.3.0',
570 silly cache add   scope: null,
570 silly cache add   name: 'balanced-match',
570 silly cache add   rawSpec: '^0.3.0',
570 silly cache add   spec: '>=0.3.0 <0.4.0',
570 silly cache add   type: 'range' }
571 silly addNamed balanced-match@>=0.3.0 <0.4.0
572 verbose addNamed ">=0.3.0 <0.4.0" is a valid semver range for balanced-match
573 silly addNameRange { name: 'balanced-match',
573 silly addNameRange   range: '>=0.3.0 <0.4.0',
573 silly addNameRange   hasData: false }
574 silly mapToRegistry name balanced-match
575 silly mapToRegistry using default registry
576 silly mapToRegistry registry https://registry.npmjs.org/
577 silly mapToRegistry uri https://registry.npmjs.org/balanced-match
578 verbose addNameRange registry:https://registry.npmjs.org/balanced-match not in flight; fetching
579 silly resolveWithNewModule concat-map@0.0.1 checking installable status
580 silly cache add args [ 'concat-map@0.0.1', null ]
581 verbose cache add spec concat-map@0.0.1
582 silly cache add parsed spec Result {
582 silly cache add   raw: 'concat-map@0.0.1',
582 silly cache add   scope: null,
582 silly cache add   name: 'concat-map',
582 silly cache add   rawSpec: '0.0.1',
582 silly cache add   spec: '0.0.1',
582 silly cache add   type: 'version' }
583 silly addNamed concat-map@0.0.1
584 verbose addNamed "0.0.1" is a plain semver version for concat-map
585 silly mapToRegistry name concat-map
586 silly mapToRegistry using default registry
587 silly mapToRegistry registry https://registry.npmjs.org/
588 silly mapToRegistry uri https://registry.npmjs.org/concat-map
589 verbose addNameVersion registry:https://registry.npmjs.org/concat-map not in flight; fetching
590 verbose get https://registry.npmjs.org/balanced-match not expired, no request
591 silly addNameRange number 2 { name: 'balanced-match',
591 silly addNameRange   range: '>=0.3.0 <0.4.0',
591 silly addNameRange   hasData: true }
592 silly addNameRange versions [ 'balanced-match',
592 silly addNameRange   [ '0.0.0', '0.0.1', '0.1.0', '0.2.0', '0.2.1', '0.3.0', '0.4.0' ] ]
593 silly addNamed balanced-match@0.3.0
594 verbose addNamed "0.3.0" is a plain semver version for balanced-match
595 verbose get https://registry.npmjs.org/concat-map not expired, no request
596 silly cache afterAdd balanced-match@0.3.0
597 verbose afterAdd /Users/TejRajendran/.npm/balanced-match/0.3.0/package/package.json not in flight; writing
598 silly cache afterAdd concat-map@0.0.1
599 verbose afterAdd /Users/TejRajendran/.npm/concat-map/0.0.1/package/package.json not in flight; writing
600 verbose afterAdd /Users/TejRajendran/.npm/balanced-match/0.3.0/package/package.json written
601 verbose afterAdd /Users/TejRajendran/.npm/concat-map/0.0.1/package/package.json written
602 silly fetchNamedPackageData abbrev
603 silly mapToRegistry name abbrev
604 silly mapToRegistry using default registry
605 silly mapToRegistry registry https://registry.npmjs.org/
606 silly mapToRegistry uri https://registry.npmjs.org/abbrev
607 verbose request uri https://registry.npmjs.org/abbrev
608 verbose request no auth needed
609 info attempt registry request try #1 at 4:59:42 PM
610 verbose etag "5COR5F08LNF679JR9VE4E6VZW"
611 http request GET https://registry.npmjs.org/abbrev
612 http 304 https://registry.npmjs.org/abbrev
613 verbose headers { date: 'Mon, 25 Apr 2016 23:59:42 GMT',
613 verbose headers   via: '1.1 varnish',
613 verbose headers   'cache-control': 'max-age=300',
613 verbose headers   etag: '"5COR5F08LNF679JR9VE4E6VZW"',
613 verbose headers   age: '17',
613 verbose headers   connection: 'keep-alive',
613 verbose headers   'x-served-by': 'cache-lax1423-LAX',
613 verbose headers   'x-cache': 'HIT',
613 verbose headers   'x-cache-hits': '4',
613 verbose headers   'x-timer': 'S1461628782.237718,VS0,VE0',
613 verbose headers   vary: 'Accept-Encoding' }
614 silly get cb [ 304,
614 silly get   { date: 'Mon, 25 Apr 2016 23:59:42 GMT',
614 silly get     via: '1.1 varnish',
614 silly get     'cache-control': 'max-age=300',
614 silly get     etag: '"5COR5F08LNF679JR9VE4E6VZW"',
614 silly get     age: '17',
614 silly get     connection: 'keep-alive',
614 silly get     'x-served-by': 'cache-lax1423-LAX',
614 silly get     'x-cache': 'HIT',
614 silly get     'x-cache-hits': '4',
614 silly get     'x-timer': 'S1461628782.237718,VS0,VE0',
614 silly get     vary: 'Accept-Encoding' } ]
615 verbose etag https://registry.npmjs.org/abbrev from cache
616 verbose get saving abbrev to /Users/TejRajendran/.npm/registry.npmjs.org/abbrev/.cache.json
617 silly resolveWithNewModule abbrev@1.0.7 checking installable status
618 silly cache add args [ 'abbrev@1', null ]
619 verbose cache add spec abbrev@1
620 silly cache add parsed spec Result {
620 silly cache add   raw: 'abbrev@1',
620 silly cache add   scope: null,
620 silly cache add   name: 'abbrev',
620 silly cache add   rawSpec: '1',
620 silly cache add   spec: '>=1.0.0 <2.0.0',
620 silly cache add   type: 'range' }
621 silly addNamed abbrev@>=1.0.0 <2.0.0
622 verbose addNamed ">=1.0.0 <2.0.0" is a valid semver range for abbrev
623 silly addNameRange { name: 'abbrev', range: '>=1.0.0 <2.0.0', hasData: false }
624 silly mapToRegistry name abbrev
625 silly mapToRegistry using default registry
626 silly mapToRegistry registry https://registry.npmjs.org/
627 silly mapToRegistry uri https://registry.npmjs.org/abbrev
628 verbose addNameRange registry:https://registry.npmjs.org/abbrev not in flight; fetching
629 verbose get https://registry.npmjs.org/abbrev not expired, no request
630 silly addNameRange number 2 { name: 'abbrev', range: '>=1.0.0 <2.0.0', hasData: true }
631 silly addNameRange versions [ 'abbrev', [ '1.0.3', '1.0.4', '1.0.5', '1.0.6', '1.0.7' ] ]
632 silly addNamed abbrev@1.0.7
633 verbose addNamed "1.0.7" is a plain semver version for abbrev
634 silly cache afterAdd abbrev@1.0.7
635 verbose afterAdd /Users/TejRajendran/.npm/abbrev/1.0.7/package/package.json not in flight; writing
636 verbose afterAdd /Users/TejRajendran/.npm/abbrev/1.0.7/package/package.json written
637 silly loadAllDepsIntoIdealTree Finishing
638 silly idealTree:prePrune lib
638 silly idealTree:prePrune  grunt-cli@1.2.0
638 silly idealTree:prePrune    abbrev@1.0.7
638 silly idealTree:prePrune    balanced-match@0.3.0
638 silly idealTree:prePrune    brace-expansion@1.1.3
638 silly idealTree:prePrune    concat-map@0.0.1
638 silly idealTree:prePrune    findup-sync@0.3.0
638 silly idealTree:prePrune    glob@5.0.15
638 silly idealTree:prePrune    grunt-known-options@1.1.0
638 silly idealTree:prePrune    inflight@1.0.4
638 silly idealTree:prePrune    inherits@2.0.1
638 silly idealTree:prePrune    minimatch@3.0.0
638 silly idealTree:prePrune    nopt@3.0.6
638 silly idealTree:prePrune    once@1.3.3
638 silly idealTree:prePrune    path-is-absolute@1.0.0
638 silly idealTree:prePrune    resolve@1.1.7
638 silly idealTree:prePrune    wrappy@1.0.1
639 silly loadIdealTree Finishing
640 silly currentTree lib
640 silly currentTree  grunt-cli@0.1.13
640 silly currentTree    abbrev@1.0.7
640 silly currentTree    argparse@0.1.16
640 silly currentTree     underscore.string@2.4.0
640 silly currentTree    async@0.1.22
640 silly currentTree    cli@0.4.3
640 silly currentTree    coffee-script@1.3.3
640 silly currentTree    colors@0.6.2
640 silly currentTree    dateformat@1.0.2-1.2.3
640 silly currentTree    esprima@1.0.4
640 silly currentTree    eventemitter2@0.4.14
640 silly currentTree    exit@0.1.2
640 silly currentTree    findup-sync@0.1.3
640 silly currentTree    getobject@0.1.0
640 silly currentTree    glob@3.2.11
640 silly currentTree    graceful-fs@1.2.3
640 silly currentTree    grunt-contrib-jshint@0.2.0
640 silly currentTree    grunt-legacy-log-utils@0.1.1
640 silly currentTree     underscore.string@2.3.3
640 silly currentTree    grunt-legacy-log@0.1.3
640 silly currentTree     underscore.string@2.3.3
640 silly currentTree    grunt-legacy-util@0.2.0
640 silly currentTree     lodash@0.9.2
640 silly currentTree    grunt@0.4.5
640 silly currentTree     glob@3.1.21
640 silly currentTree     inherits@1.0.2
640 silly currentTree     lodash@0.9.2
640 silly currentTree     minimatch@0.2.14
640 silly currentTree    hooker@0.2.3
640 silly currentTree    iconv-lite@0.2.11
640 silly currentTree    inherits@2.0.1
640 silly currentTree    js-yaml@2.0.5
640 silly currentTree    jshint@1.0.0
640 silly currentTree     esprima@3.0.0-dev
640 silly currentTree    lodash@2.4.2
640 silly currentTree    lru-cache@2.7.3
640 silly currentTree    minimatch@0.3.0
640 silly currentTree    nopt@1.0.10
640 silly currentTree    peakle@0.0.1
640 silly currentTree    resolve@0.3.1
640 silly currentTree    rimraf@2.2.8
640 silly currentTree    shelljs@0.6.0
640 silly currentTree    sigmund@1.0.1
640 silly currentTree    underscore.string@2.2.1
640 silly currentTree    underscore@1.7.0
640 silly currentTree    which@1.0.9
641 silly idealTree lib
641 silly idealTree  grunt-cli@1.2.0
641 silly idealTree    abbrev@1.0.7
641 silly idealTree    balanced-match@0.3.0
641 silly idealTree    brace-expansion@1.1.3
641 silly idealTree    concat-map@0.0.1
641 silly idealTree    findup-sync@0.3.0
641 silly idealTree    glob@5.0.15
641 silly idealTree    grunt-known-options@1.1.0
641 silly idealTree    inflight@1.0.4
641 silly idealTree    inherits@2.0.1
641 silly idealTree    minimatch@3.0.0
641 silly idealTree    nopt@3.0.6
641 silly idealTree    once@1.3.3
641 silly idealTree    path-is-absolute@1.0.0
641 silly idealTree    resolve@1.1.7
641 silly idealTree    wrappy@1.0.1
642 silly generateActionsToTake Starting
643 silly install generateActionsToTake
644 warn checkPermissions Missing write access to /usr/local/lib/node_modules/grunt-cli/node_modules/lodash
645 warn checkPermissions Missing write access to /usr/local/lib/node_modules/grunt-cli/node_modules/lru-cache
646 warn checkPermissions Missing write access to /usr/local/lib/node_modules/grunt-cli/node_modules/nopt
647 warn checkPermissions Missing write access to /usr/local/lib/node_modules/grunt-cli/node_modules/resolve
648 warn checkPermissions Missing write access to /usr/local/lib/node_modules/grunt-cli/node_modules/sigmund
649 warn checkPermissions Missing write access to /usr/local/lib/node_modules/grunt-cli/node_modules/minimatch
650 warn checkPermissions Missing write access to /usr/local/lib/node_modules/grunt-cli/node_modules/glob
651 warn checkPermissions Missing write access to /usr/local/lib/node_modules/grunt-cli/node_modules/findup-sync
652 warn checkPermissions Missing write access to /usr/local/lib/node_modules/grunt-cli
653 warn checkPermissions Missing write access to /usr/local/lib/node_modules/grunt-cli/node_modules/argparse/node_modules
654 warn checkPermissions Missing write access to /usr/local/lib/node_modules/grunt-cli/node_modules
655 warn checkPermissions Missing write access to /usr/local/lib/node_modules/grunt-cli/node_modules/grunt-legacy-log-utils/node_modules
656 warn checkPermissions Missing write access to /usr/local/lib/node_modules/grunt-cli/node_modules/grunt-legacy-log/node_modules
657 warn checkPermissions Missing write access to /usr/local/lib/node_modules/grunt-cli/node_modules/grunt-legacy-util/node_modules
658 warn checkPermissions Missing write access to /usr/local/lib/node_modules/grunt-cli/node_modules/grunt/node_modules
659 warn checkPermissions Missing write access to /usr/local/lib/node_modules/grunt-cli/node_modules/jshint/node_modules
660 warn checkPermissions Missing write access to /usr/local/lib/node_modules
661 silly rollbackFailedOptional Starting
662 silly rollbackFailedOptional Finishing
663 silly runTopLevelLifecycles Starting
664 silly runTopLevelLifecycles Finishing
665 silly install printInstalled
666 verbose stack Error: EACCES: permission denied, access '/usr/local/lib/node_modules/grunt-cli/node_modules/lodash'
666 verbose stack     at Error (native)
667 verbose cwd /Users/TejRajendran/Documents/Senior_Project/frontend
668 error Darwin 15.4.0
669 error argv "/usr/local/bin/node" "/usr/local/bin/npm" "install" "-g" "grunt-cli"
670 error node v5.5.0
671 error npm  v3.3.12
672 error path /usr/local/lib/node_modules/grunt-cli/node_modules/lodash
673 error code EACCES
674 error errno -13
675 error syscall access
676 error Error: EACCES: permission denied, access '/usr/local/lib/node_modules/grunt-cli/node_modules/lodash'
676 error     at Error (native)
676 error  { [Error: EACCES: permission denied, access '/usr/local/lib/node_modules/grunt-cli/node_modules/lodash']
676 error   errno: -13,
676 error   code: 'EACCES',
676 error   syscall: 'access',
676 error   path: '/usr/local/lib/node_modules/grunt-cli/node_modules/lodash' }
677 error Please try running this command again as root/Administrator.
678 verbose exit [ -13, true ]
